<?xml version="1.0" encoding="UTF-8"?>
<coverage generated="1605341964">
  <project timestamp="1605341964">
    <file name="/home/suhaib/Sites/packages/packages/subbe/waveapp/src/AccountNormalBalanceType.php">
      <class name="Subbe\WaveApp\AccountNormalBalanceType" namespace="global">
        <metrics complexity="0" methods="0" coveredmethods="0" conditionals="0" coveredconditionals="0" statements="0" coveredstatements="0" elements="0" coveredelements="0"/>
      </class>
      <metrics loc="9" ncloc="9" classes="0" methods="0" coveredmethods="0" conditionals="0" coveredconditionals="0" statements="0" coveredstatements="0" elements="0" coveredelements="0"/>
    </file>
    <file name="/home/suhaib/Sites/packages/packages/subbe/waveapp/src/AccountSubtypeValue.php">
      <class name="Subbe\WaveApp\AccountSubtypeValue" namespace="global">
        <metrics complexity="0" methods="0" coveredmethods="0" conditionals="0" coveredconditionals="0" statements="0" coveredstatements="0" elements="0" coveredelements="0"/>
      </class>
      <metrics loc="43" ncloc="43" classes="0" methods="0" coveredmethods="0" conditionals="0" coveredconditionals="0" statements="0" coveredstatements="0" elements="0" coveredelements="0"/>
    </file>
    <file name="/home/suhaib/Sites/packages/packages/subbe/waveapp/src/AccountTypeValue.php">
      <class name="Subbe\WaveApp\AccountTypeValue" namespace="global">
        <metrics complexity="0" methods="0" coveredmethods="0" conditionals="0" coveredconditionals="0" statements="0" coveredstatements="0" elements="0" coveredelements="0"/>
      </class>
      <metrics loc="12" ncloc="12" classes="0" methods="0" coveredmethods="0" conditionals="0" coveredconditionals="0" statements="0" coveredstatements="0" elements="0" coveredelements="0"/>
    </file>
    <file name="/home/suhaib/Sites/packages/packages/subbe/waveapp/src/BalanceType.php">
      <class name="Subbe\WaveApp\BalanceType" namespace="global">
        <metrics complexity="0" methods="0" coveredmethods="0" conditionals="0" coveredconditionals="0" statements="0" coveredstatements="0" elements="0" coveredelements="0"/>
      </class>
      <metrics loc="11" ncloc="11" classes="0" methods="0" coveredmethods="0" conditionals="0" coveredconditionals="0" statements="0" coveredstatements="0" elements="0" coveredelements="0"/>
    </file>
    <file name="/home/suhaib/Sites/packages/packages/subbe/waveapp/src/BusinessSubType.php">
      <class name="Subbe\WaveApp\BusinessSubType" namespace="global">
        <metrics complexity="0" methods="0" coveredmethods="0" conditionals="0" coveredconditionals="0" statements="0" coveredstatements="0" elements="0" coveredelements="0"/>
      </class>
      <metrics loc="85" ncloc="85" classes="0" methods="0" coveredmethods="0" conditionals="0" coveredconditionals="0" statements="0" coveredstatements="0" elements="0" coveredelements="0"/>
    </file>
    <file name="/home/suhaib/Sites/packages/packages/subbe/waveapp/src/BusinessType.php">
      <class name="Subbe\WaveApp\BusinessType" namespace="global">
        <metrics complexity="0" methods="0" coveredmethods="0" conditionals="0" coveredconditionals="0" statements="0" coveredstatements="0" elements="0" coveredelements="0"/>
      </class>
      <metrics loc="18" ncloc="18" classes="0" methods="0" coveredmethods="0" conditionals="0" coveredconditionals="0" statements="0" coveredstatements="0" elements="0" coveredelements="0"/>
    </file>
    <file name="/home/suhaib/Sites/packages/packages/subbe/waveapp/src/CustomerSort.php">
      <class name="Subbe\WaveApp\CustomerSort" namespace="global">
        <metrics complexity="0" methods="0" coveredmethods="0" conditionals="0" coveredconditionals="0" statements="0" coveredstatements="0" elements="0" coveredelements="0"/>
      </class>
      <metrics loc="13" ncloc="13" classes="0" methods="0" coveredmethods="0" conditionals="0" coveredconditionals="0" statements="0" coveredstatements="0" elements="0" coveredelements="0"/>
    </file>
    <file name="/home/suhaib/Sites/packages/packages/subbe/waveapp/src/GraphQL/Mutation.php">
      <class name="Subbe\WaveApp\GraphQL\Mutation" namespace="global">
        <metrics complexity="20" methods="20" coveredmethods="0" conditionals="0" coveredconditionals="0" statements="35" coveredstatements="0" elements="55" coveredelements="0"/>
      </class>
      <line num="7" type="method" name="customerCreate" visibility="public" complexity="1" crap="2" count="0"/>
      <line num="9" type="stmt" count="0"/>
      <line num="11" type="stmt" count="0"/>
      <line num="26" type="method" name="customerPatch" visibility="public" complexity="1" crap="2" count="0"/>
      <line num="28" type="stmt" count="0"/>
      <line num="30" type="stmt" count="0"/>
      <line num="45" type="method" name="customerDelete" visibility="public" complexity="1" crap="2" count="0"/>
      <line num="47" type="stmt" count="0"/>
      <line num="61" type="method" name="accountCreate" visibility="public" complexity="1" crap="2" count="0"/>
      <line num="63" type="stmt" count="0"/>
      <line num="65" type="stmt" count="0"/>
      <line num="80" type="method" name="accountPatch" visibility="public" complexity="1" crap="2" count="0"/>
      <line num="82" type="stmt" count="0"/>
      <line num="84" type="stmt" count="0"/>
      <line num="99" type="method" name="accountArchive" visibility="public" complexity="1" crap="2" count="0"/>
      <line num="101" type="stmt" count="0"/>
      <line num="115" type="method" name="productCreate" visibility="public" complexity="1" crap="2" count="0"/>
      <line num="117" type="stmt" count="0"/>
      <line num="119" type="stmt" count="0"/>
      <line num="128" type="method" name="productPatch" visibility="public" complexity="1" crap="2" count="0"/>
      <line num="130" type="stmt" count="0"/>
      <line num="132" type="stmt" count="0"/>
      <line num="147" type="method" name="productArchive" visibility="public" complexity="1" crap="2" count="0"/>
      <line num="149" type="stmt" count="0"/>
      <line num="151" type="stmt" count="0"/>
      <line num="166" type="method" name="salesTaxCreate" visibility="public" complexity="1" crap="2" count="0"/>
      <line num="168" type="stmt" count="0"/>
      <line num="170" type="stmt" count="0"/>
      <line num="185" type="method" name="salesTaxPatch" visibility="public" complexity="1" crap="2" count="0"/>
      <line num="187" type="stmt" count="0"/>
      <line num="189" type="stmt" count="0"/>
      <line num="204" type="method" name="salesTaxArchive" visibility="public" complexity="1" crap="2" count="0"/>
      <line num="206" type="stmt" count="0"/>
      <line num="208" type="stmt" count="0"/>
      <line num="223" type="method" name="salesTaxRateCreate" visibility="public" complexity="1" crap="2" count="0"/>
      <line num="225" type="stmt" count="0"/>
      <line num="239" type="method" name="moneyTransactionCreate" visibility="public" complexity="1" crap="2" count="0"/>
      <line num="241" type="stmt" count="0"/>
      <line num="243" type="stmt" count="0"/>
      <line num="258" type="method" name="invoiceCreate" visibility="public" complexity="1" crap="2" count="0"/>
      <line num="260" type="stmt" count="0"/>
      <line num="262" type="stmt" count="0"/>
      <line num="277" type="method" name="invoiceClone" visibility="public" complexity="1" crap="2" count="0"/>
      <line num="279" type="stmt" count="0"/>
      <line num="281" type="stmt" count="0"/>
      <line num="296" type="method" name="invoiceDelete" visibility="public" complexity="1" crap="2" count="0"/>
      <line num="298" type="stmt" count="0"/>
      <line num="312" type="method" name="invoiceSend" visibility="public" complexity="1" crap="2" count="0"/>
      <line num="314" type="stmt" count="0"/>
      <line num="328" type="method" name="invoiceApprove" visibility="public" complexity="1" crap="2" count="0"/>
      <line num="330" type="stmt" count="0"/>
      <line num="332" type="stmt" count="0"/>
      <line num="347" type="method" name="invoiceMarkSent" visibility="public" complexity="1" crap="2" count="0"/>
      <line num="349" type="stmt" count="0"/>
      <line num="351" type="stmt" count="0"/>
      <metrics loc="365" ncloc="365" classes="1" methods="20" coveredmethods="0" conditionals="0" coveredconditionals="0" statements="35" coveredstatements="0" elements="55" coveredelements="0"/>
    </file>
    <file name="/home/suhaib/Sites/packages/packages/subbe/waveapp/src/GraphQL/Query.php">
      <class name="Subbe\WaveApp\GraphQL\Query" namespace="global">
        <metrics complexity="27" methods="27" coveredmethods="27" conditionals="0" coveredconditionals="0" statements="94" coveredstatements="94" elements="121" coveredelements="121"/>
      </class>
      <line num="7" type="method" name="user" visibility="public" complexity="1" crap="1" count="1"/>
      <line num="9" type="stmt" count="1"/>
      <line num="14" type="stmt" count="1"/>
      <line num="20" type="method" name="countries" visibility="public" complexity="1" crap="1" count="1"/>
      <line num="22" type="stmt" count="1"/>
      <line num="27" type="stmt" count="1"/>
      <line num="33" type="method" name="country" visibility="public" complexity="1" crap="1" count="1"/>
      <line num="35" type="stmt" count="1"/>
      <line num="40" type="stmt" count="1"/>
      <line num="46" type="method" name="businesses" visibility="public" complexity="1" crap="1" count="1"/>
      <line num="48" type="stmt" count="1"/>
      <line num="60" type="stmt" count="1"/>
      <line num="68" type="method" name="business" visibility="public" complexity="1" crap="1" count="1"/>
      <line num="70" type="stmt" count="1"/>
      <line num="75" type="stmt" count="1"/>
      <line num="81" type="method" name="currencies" visibility="public" complexity="1" crap="1" count="1"/>
      <line num="83" type="stmt" count="1"/>
      <line num="88" type="stmt" count="1"/>
      <line num="94" type="method" name="currency" visibility="public" complexity="1" crap="1" count="1"/>
      <line num="96" type="stmt" count="1"/>
      <line num="101" type="stmt" count="1"/>
      <line num="107" type="method" name="accountTypes" visibility="public" complexity="1" crap="1" count="1"/>
      <line num="109" type="stmt" count="1"/>
      <line num="114" type="stmt" count="1"/>
      <line num="120" type="method" name="accountSubtypes" visibility="public" complexity="1" crap="1" count="1"/>
      <line num="122" type="stmt" count="1"/>
      <line num="127" type="stmt" count="1"/>
      <line num="133" type="method" name="customerExists" visibility="public" complexity="1" crap="1" count="1"/>
      <line num="135" type="stmt" count="1"/>
      <line num="141" type="stmt" count="1"/>
      <line num="148" type="method" name="customers" visibility="public" complexity="1" crap="1" count="1"/>
      <line num="150" type="stmt" count="1"/>
      <line num="164" type="stmt" count="1"/>
      <line num="173" type="method" name="products" visibility="public" complexity="1" crap="1" count="1"/>
      <line num="175" type="stmt" count="1"/>
      <line num="182" type="stmt" count="1"/>
      <line num="190" type="method" name="taxes" visibility="public" complexity="1" crap="1" count="1"/>
      <line num="192" type="stmt" count="1"/>
      <line num="199" type="stmt" count="1"/>
      <line num="207" type="method" name="invoicesByCustomerByStatus" visibility="public" complexity="1" crap="1" count="1"/>
      <line num="209" type="stmt" count="1"/>
      <line num="210" type="stmt" count="1"/>
      <line num="211" type="stmt" count="1"/>
      <line num="222" type="stmt" count="1"/>
      <line num="224" type="stmt" count="1"/>
      <line num="234" type="stmt" count="1"/>
      <line num="243" type="method" name="businessAccounts" visibility="public" complexity="1" crap="1" count="1"/>
      <line num="245" type="stmt" count="1"/>
      <line num="246" type="stmt" count="1"/>
      <line num="251" type="stmt" count="1"/>
      <line num="260" type="stmt" count="1"/>
      <line num="269" type="method" name="getBusinessAccount" visibility="public" complexity="1" crap="1" count="1"/>
      <line num="271" type="stmt" count="1"/>
      <line num="272" type="stmt" count="1"/>
      <line num="277" type="stmt" count="1"/>
      <line num="279" type="stmt" count="1"/>
      <line num="286" type="method" name="businessCustomers" visibility="public" complexity="1" crap="1" count="1"/>
      <line num="288" type="stmt" count="1"/>
      <line num="289" type="stmt" count="1"/>
      <line num="294" type="stmt" count="1"/>
      <line num="303" type="stmt" count="1"/>
      <line num="312" type="method" name="getBusinessCustomer" visibility="public" complexity="1" crap="1" count="1"/>
      <line num="314" type="stmt" count="1"/>
      <line num="315" type="stmt" count="1"/>
      <line num="320" type="stmt" count="1"/>
      <line num="322" type="stmt" count="1"/>
      <line num="329" type="method" name="businessInvoices" visibility="public" complexity="1" crap="1" count="1"/>
      <line num="331" type="stmt" count="1"/>
      <line num="332" type="stmt" count="1"/>
      <line num="337" type="stmt" count="1"/>
      <line num="346" type="stmt" count="1"/>
      <line num="355" type="method" name="getBusinessInvoices" visibility="public" complexity="1" crap="1" count="1"/>
      <line num="357" type="stmt" count="1"/>
      <line num="358" type="stmt" count="1"/>
      <line num="363" type="stmt" count="1"/>
      <line num="365" type="stmt" count="1"/>
      <line num="372" type="method" name="businessSalesTaxes" visibility="public" complexity="1" crap="1" count="1"/>
      <line num="374" type="stmt" count="1"/>
      <line num="375" type="stmt" count="1"/>
      <line num="380" type="stmt" count="1"/>
      <line num="389" type="stmt" count="1"/>
      <line num="398" type="method" name="getBusinessSalesTax" visibility="public" complexity="1" crap="1" count="1"/>
      <line num="400" type="stmt" count="1"/>
      <line num="401" type="stmt" count="1"/>
      <line num="406" type="stmt" count="1"/>
      <line num="408" type="stmt" count="1"/>
      <line num="415" type="method" name="businessProducts" visibility="public" complexity="1" crap="1" count="1"/>
      <line num="417" type="stmt" count="1"/>
      <line num="418" type="stmt" count="1"/>
      <line num="423" type="stmt" count="1"/>
      <line num="432" type="stmt" count="1"/>
      <line num="441" type="method" name="getBusinessProduct" visibility="public" complexity="1" crap="1" count="1"/>
      <line num="443" type="stmt" count="1"/>
      <line num="444" type="stmt" count="1"/>
      <line num="449" type="stmt" count="1"/>
      <line num="451" type="stmt" count="1"/>
      <line num="458" type="method" name="businessVendors" visibility="public" complexity="1" crap="1" count="1"/>
      <line num="460" type="stmt" count="1"/>
      <line num="461" type="stmt" count="1"/>
      <line num="470" type="stmt" count="1"/>
      <line num="479" type="stmt" count="1"/>
      <line num="488" type="method" name="getBusinessVendor" visibility="public" complexity="1" crap="1" count="1"/>
      <line num="490" type="stmt" count="1"/>
      <line num="491" type="stmt" count="1"/>
      <line num="496" type="stmt" count="1"/>
      <line num="498" type="stmt" count="1"/>
      <line num="505" type="method" name="getBusiness" visibility="public" complexity="1" crap="1" count="1"/>
      <line num="507" type="stmt" count="1"/>
      <line num="508" type="stmt" count="1"/>
      <line num="509" type="stmt" count="1"/>
      <line num="510" type="stmt" count="1"/>
      <line num="511" type="stmt" count="1"/>
      <line num="512" type="stmt" count="1"/>
      <line num="513" type="stmt" count="1"/>
      <line num="532" type="stmt" count="1"/>
      <line num="541" type="stmt" count="1"/>
      <line num="553" type="stmt" count="1"/>
      <line num="565" type="stmt" count="1"/>
      <line num="577" type="stmt" count="1"/>
      <line num="589" type="stmt" count="1"/>
      <line num="601" type="stmt" count="1"/>
      <metrics loc="609" ncloc="609" classes="1" methods="27" coveredmethods="27" conditionals="0" coveredconditionals="0" statements="94" coveredstatements="94" elements="121" coveredelements="121"/>
    </file>
    <file name="/home/suhaib/Sites/packages/packages/subbe/waveapp/src/GraphQL/QueryObject.php">
      <class name="Subbe\WaveApp\GraphQL\QueryObject" namespace="global">
        <metrics complexity="22" methods="22" coveredmethods="21" conditionals="0" coveredconditionals="0" statements="85" coveredstatements="84" elements="107" coveredelements="105"/>
      </class>
      <line num="7" type="method" name="user" visibility="public" complexity="1" crap="1" count="1"/>
      <line num="10" type="stmt" count="1"/>
      <line num="19" type="method" name="invoice" visibility="public" complexity="1" crap="1" count="4"/>
      <line num="21" type="stmt" count="4"/>
      <line num="22" type="stmt" count="4"/>
      <line num="23" type="stmt" count="4"/>
      <line num="24" type="stmt" count="4"/>
      <line num="25" type="stmt" count="4"/>
      <line num="29" type="stmt" count="4"/>
      <line num="32" type="stmt" count="4"/>
      <line num="50" type="stmt" count="4"/>
      <line num="53" type="stmt" count="4"/>
      <line num="56" type="stmt" count="4"/>
      <line num="59" type="stmt" count="4"/>
      <line num="62" type="stmt" count="4"/>
      <line num="66" type="stmt" count="4"/>
      <line num="88" type="method" name="business" visibility="public" complexity="1" crap="1" count="19"/>
      <line num="90" type="stmt" count="19"/>
      <line num="91" type="stmt" count="19"/>
      <line num="92" type="stmt" count="19"/>
      <line num="93" type="stmt" count="19"/>
      <line num="101" type="stmt" count="19"/>
      <line num="104" type="stmt" count="19"/>
      <line num="107" type="stmt" count="19"/>
      <line num="111" type="stmt" count="19"/>
      <line num="126" type="method" name="businessType" visibility="public" complexity="1" crap="1" count="19"/>
      <line num="129" type="stmt" count="19"/>
      <line num="134" type="method" name="businessSubType" visibility="public" complexity="1" crap="1" count="19"/>
      <line num="137" type="stmt" count="19"/>
      <line num="142" type="method" name="currency" visibility="public" complexity="1" crap="1" count="23"/>
      <line num="145" type="stmt" count="23"/>
      <line num="153" type="method" name="address" visibility="public" complexity="1" crap="1" count="19"/>
      <line num="155" type="stmt" count="19"/>
      <line num="156" type="stmt" count="19"/>
      <line num="163" type="stmt" count="19"/>
      <line num="166" type="stmt" count="19"/>
      <line num="172" type="method" name="province" visibility="public" complexity="1" crap="1" count="21"/>
      <line num="175" type="stmt" count="21"/>
      <line num="180" type="method" name="country" visibility="public" complexity="1" crap="1" count="21"/>
      <line num="182" type="stmt" count="21"/>
      <line num="183" type="stmt" count="21"/>
      <line num="189" type="stmt" count="21"/>
      <line num="193" type="stmt" count="21"/>
      <line num="198" type="method" name="customer" visibility="public" complexity="1" crap="1" count="8"/>
      <line num="200" type="stmt" count="8"/>
      <line num="201" type="stmt" count="8"/>
      <line num="202" type="stmt" count="8"/>
      <line num="203" type="stmt" count="8"/>
      <line num="207" type="stmt" count="8"/>
      <line num="212" type="stmt" count="8"/>
      <line num="225" type="stmt" count="8"/>
      <line num="228" type="stmt" count="8"/>
      <line num="236" type="method" name="shippingDetails" visibility="public" complexity="1" crap="1" count="10"/>
      <line num="238" type="stmt" count="10"/>
      <line num="243" type="stmt" count="10"/>
      <line num="250" type="method" name="money" visibility="public" complexity="1" crap="1" count="4"/>
      <line num="252" type="stmt" count="4"/>
      <line num="258" type="stmt" count="4"/>
      <line num="263" type="method" name="invoiceItems" visibility="public" complexity="1" crap="1" count="4"/>
      <line num="265" type="stmt" count="4"/>
      <line num="266" type="stmt" count="4"/>
      <line num="267" type="stmt" count="4"/>
      <line num="268" type="stmt" count="4"/>
      <line num="272" type="stmt" count="4"/>
      <line num="278" type="stmt" count="4"/>
      <line num="281" type="stmt" count="4"/>
      <line num="284" type="stmt" count="4"/>
      <line num="287" type="stmt" count="4"/>
      <line num="292" type="method" name="account" visibility="public" complexity="1" crap="1" count="6"/>
      <line num="294" type="stmt" count="6"/>
      <line num="295" type="stmt" count="6"/>
      <line num="296" type="stmt" count="6"/>
      <line num="297" type="stmt" count="6"/>
      <line num="301" type="stmt" count="6"/>
      <line num="308" type="stmt" count="6"/>
      <line num="311" type="stmt" count="6"/>
      <line num="314" type="stmt" count="6"/>
      <line num="324" type="method" name="accountType" visibility="public" complexity="1" crap="1" count="8"/>
      <line num="327" type="stmt" count="8"/>
      <line num="333" type="method" name="accountSubtype" visibility="public" complexity="1" crap="1" count="7"/>
      <line num="335" type="stmt" count="7"/>
      <line num="341" type="stmt" count="7"/>
      <line num="346" type="method" name="invoiceItemTax" visibility="public" complexity="1" crap="1" count="4"/>
      <line num="348" type="stmt" count="4"/>
      <line num="349" type="stmt" count="4"/>
      <line num="353" type="stmt" count="4"/>
      <line num="357" type="stmt" count="4"/>
      <line num="362" type="method" name="salesTax" visibility="public" complexity="1" crap="1" count="7"/>
      <line num="364" type="stmt" count="7"/>
      <line num="365" type="stmt" count="7"/>
      <line num="369" type="stmt" count="7"/>
      <line num="379" type="stmt" count="7"/>
      <line num="389" type="method" name="salesTaxRate" visibility="public" complexity="1" crap="1" count="7"/>
      <line num="392" type="stmt" count="7"/>
      <line num="397" type="method" name="product" visibility="public" complexity="1" crap="1" count="7"/>
      <line num="400" type="stmt" count="7"/>
      <line num="412" type="method" name="transaction" visibility="public" complexity="1" crap="2" count="0"/>
      <line num="415" type="stmt" count="0"/>
      <line num="419" type="method" name="vendor" visibility="public" complexity="1" crap="1" count="3"/>
      <line num="421" type="stmt" count="3"/>
      <line num="422" type="stmt" count="3"/>
      <line num="423" type="stmt" count="3"/>
      <line num="424" type="stmt" count="3"/>
      <line num="428" type="stmt" count="3"/>
      <line num="433" type="stmt" count="3"/>
      <line num="446" type="stmt" count="3"/>
      <line num="449" type="stmt" count="3"/>
      <metrics loc="456" ncloc="456" classes="1" methods="22" coveredmethods="21" conditionals="0" coveredconditionals="0" statements="85" coveredstatements="84" elements="107" coveredelements="105"/>
    </file>
    <file name="/home/suhaib/Sites/packages/packages/subbe/waveapp/src/InvoiceCreateStatus.php">
      <class name="Subbe\WaveApp\InvoiceCreateStatus" namespace="global">
        <metrics complexity="0" methods="0" coveredmethods="0" conditionals="0" coveredconditionals="0" statements="0" coveredstatements="0" elements="0" coveredelements="0"/>
      </class>
      <metrics loc="9" ncloc="9" classes="0" methods="0" coveredmethods="0" conditionals="0" coveredconditionals="0" statements="0" coveredstatements="0" elements="0" coveredelements="0"/>
    </file>
    <file name="/home/suhaib/Sites/packages/packages/subbe/waveapp/src/InvoiceSendMethod.php">
      <class name="Subbe\WaveApp\InvoiceSendMethod" namespace="global">
        <metrics complexity="0" methods="0" coveredmethods="0" conditionals="0" coveredconditionals="0" statements="0" coveredstatements="0" elements="0" coveredelements="0"/>
      </class>
      <metrics loc="16" ncloc="16" classes="0" methods="0" coveredmethods="0" conditionals="0" coveredconditionals="0" statements="0" coveredstatements="0" elements="0" coveredelements="0"/>
    </file>
    <file name="/home/suhaib/Sites/packages/packages/subbe/waveapp/src/InvoiceSort.php">
      <class name="Subbe\WaveApp\InvoiceSort" namespace="global">
        <metrics complexity="0" methods="0" coveredmethods="0" conditionals="0" coveredconditionals="0" statements="0" coveredstatements="0" elements="0" coveredelements="0"/>
      </class>
      <metrics loc="27" ncloc="27" classes="0" methods="0" coveredmethods="0" conditionals="0" coveredconditionals="0" statements="0" coveredstatements="0" elements="0" coveredelements="0"/>
    </file>
    <file name="/home/suhaib/Sites/packages/packages/subbe/waveapp/src/InvoiceStatus.php">
      <class name="Subbe\WaveApp\InvoiceStatus" namespace="global">
        <metrics complexity="0" methods="0" coveredmethods="0" conditionals="0" coveredconditionals="0" statements="0" coveredstatements="0" elements="0" coveredelements="0"/>
      </class>
      <metrics loc="15" ncloc="15" classes="0" methods="0" coveredmethods="0" conditionals="0" coveredconditionals="0" statements="0" coveredstatements="0" elements="0" coveredelements="0"/>
    </file>
    <file name="/home/suhaib/Sites/packages/packages/subbe/waveapp/src/OrganizationalType.php">
      <class name="Subbe\WaveApp\OrganizationalType" namespace="global">
        <metrics complexity="0" methods="0" coveredmethods="0" conditionals="0" coveredconditionals="0" statements="0" coveredstatements="0" elements="0" coveredelements="0"/>
      </class>
      <metrics loc="10" ncloc="10" classes="0" methods="0" coveredmethods="0" conditionals="0" coveredconditionals="0" statements="0" coveredstatements="0" elements="0" coveredelements="0"/>
    </file>
    <file name="/home/suhaib/Sites/packages/packages/subbe/waveapp/src/ProductSort.php">
      <class name="Subbe\WaveApp\ProductSort" namespace="global">
        <metrics complexity="0" methods="0" coveredmethods="0" conditionals="0" coveredconditionals="0" statements="0" coveredstatements="0" elements="0" coveredelements="0"/>
      </class>
      <metrics loc="13" ncloc="13" classes="0" methods="0" coveredmethods="0" conditionals="0" coveredconditionals="0" statements="0" coveredstatements="0" elements="0" coveredelements="0"/>
    </file>
    <file name="/home/suhaib/Sites/packages/packages/subbe/waveapp/src/ResponseBuilder.php">
      <class name="Subbe\WaveApp\ResponseBuilder" namespace="global">
        <metrics complexity="3" methods="2" coveredmethods="1" conditionals="0" coveredconditionals="0" statements="5" coveredstatements="1" elements="7" coveredelements="2"/>
      </class>
      <line num="7" type="method" name="success" visibility="public" complexity="1" crap="1" count="27"/>
      <line num="9" type="stmt" count="27"/>
      <line num="12" type="method" name="errors" visibility="public" complexity="2" crap="6" count="0"/>
      <line num="14" type="stmt" count="0"/>
      <line num="15" type="stmt" count="0"/>
      <line num="17" type="stmt" count="0"/>
      <line num="20" type="stmt" count="0"/>
      <metrics loc="22" ncloc="22" classes="1" methods="2" coveredmethods="1" conditionals="0" coveredconditionals="0" statements="5" coveredstatements="1" elements="7" coveredelements="2"/>
    </file>
    <file name="/home/suhaib/Sites/packages/packages/subbe/waveapp/src/TransactionDirection.php">
      <class name="Subbe\WaveApp\TransactionDirection" namespace="global">
        <metrics complexity="0" methods="0" coveredmethods="0" conditionals="0" coveredconditionals="0" statements="0" coveredstatements="0" elements="0" coveredelements="0"/>
      </class>
      <metrics loc="9" ncloc="9" classes="0" methods="0" coveredmethods="0" conditionals="0" coveredconditionals="0" statements="0" coveredstatements="0" elements="0" coveredelements="0"/>
    </file>
    <file name="/home/suhaib/Sites/packages/packages/subbe/waveapp/src/TransactionOrigin.php">
      <class name="Subbe\WaveApp\TransactionOrigin" namespace="global">
        <metrics complexity="0" methods="0" coveredmethods="0" conditionals="0" coveredconditionals="0" statements="0" coveredstatements="0" elements="0" coveredelements="0"/>
      </class>
      <metrics loc="9" ncloc="9" classes="0" methods="0" coveredmethods="0" conditionals="0" coveredconditionals="0" statements="0" coveredstatements="0" elements="0" coveredelements="0"/>
    </file>
    <file name="/home/suhaib/Sites/packages/packages/subbe/waveapp/src/WaveApp.php">
      <class name="Subbe\WaveApp\WaveApp" namespace="global">
        <metrics complexity="16" methods="3" coveredmethods="0" conditionals="0" coveredconditionals="0" statements="38" coveredstatements="23" elements="41" coveredelements="23"/>
      </class>
      <line num="78" type="method" name="__construct" visibility="public" complexity="7" crap="7.23" count="27"/>
      <line num="80" type="stmt" count="27"/>
      <line num="81" type="stmt" count="27"/>
      <line num="82" type="stmt" count="0"/>
      <line num="85" type="stmt" count="27"/>
      <line num="86" type="stmt" count="27"/>
      <line num="87" type="stmt" count="0"/>
      <line num="90" type="stmt" count="27"/>
      <line num="92" type="stmt" count="27"/>
      <line num="93" type="stmt" count="27"/>
      <line num="94" type="stmt" count="27"/>
      <line num="96" type="stmt" count="27"/>
      <line num="97" type="stmt" count="27"/>
      <line num="105" type="method" name="__call" visibility="public" complexity="7" crap="11.03" count="27"/>
      <line num="107" type="stmt" count="27"/>
      <line num="108" type="stmt" count="27"/>
      <line num="109" type="stmt" count="27"/>
      <line num="111" type="stmt" count="27"/>
      <line num="112" type="stmt" count="0"/>
      <line num="113" type="stmt" count="0"/>
      <line num="115" type="stmt" count="0"/>
      <line num="116" type="stmt" count="0"/>
      <line num="118" type="stmt" count="0"/>
      <line num="119" type="stmt" count="0"/>
      <line num="120" type="stmt" count="0"/>
      <line num="121" type="stmt" count="27"/>
      <line num="122" type="stmt" count="0"/>
      <line num="124" type="stmt" count="27"/>
      <line num="125" type="stmt" count="27"/>
      <line num="130" type="stmt" count="27"/>
      <line num="131" type="stmt" count="27"/>
      <line num="132" type="stmt" count="27"/>
      <line num="135" type="stmt" count="27"/>
      <line num="139" type="stmt" count="27"/>
      <line num="141" type="stmt" count="27"/>
      <line num="142" type="stmt" count="0"/>
      <line num="143" type="stmt" count="0"/>
      <line num="147" type="method" name="is_assoc" visibility="private" complexity="2" crap="6" count="0"/>
      <line num="149" type="stmt" count="0"/>
      <line num="150" type="stmt" count="0"/>
      <line num="153" type="stmt" count="0"/>
      <metrics loc="155" ncloc="90" classes="1" methods="3" coveredmethods="0" conditionals="0" coveredconditionals="0" statements="38" coveredstatements="23" elements="41" coveredelements="23"/>
    </file>
    <file name="/home/suhaib/Sites/packages/packages/subbe/waveapp/src/WaveAppServiceProvider.php">
      <class name="Subbe\WaveApp\WaveAppServiceProvider" namespace="global">
        <metrics complexity="2" methods="2" coveredmethods="0" conditionals="0" coveredconditionals="0" statements="2" coveredstatements="0" elements="4" coveredelements="0"/>
      </class>
      <line num="9" type="method" name="boot" visibility="public" complexity="1" crap="2" count="0"/>
      <line num="11" type="stmt" count="0"/>
      <line num="16" type="method" name="register" visibility="public" complexity="1" crap="2" count="0"/>
      <line num="18" type="stmt" count="0"/>
      <metrics loc="20" ncloc="20" classes="1" methods="2" coveredmethods="0" conditionals="0" coveredconditionals="0" statements="2" coveredstatements="0" elements="4" coveredelements="0"/>
    </file>
    <metrics files="21" loc="1926" ncloc="1861" classes="6" methods="76" coveredmethods="49" conditionals="0" coveredconditionals="0" statements="259" coveredstatements="202" elements="335" coveredelements="251"/>
  </project>
</coverage>
